TN:
SF:src/config.ts
FNF:0
FNH:0
DA:1,1
DA:3,1
DA:5,1
LF:3
LH:3
BRDA:6,0,0,1
BRDA:6,0,1,0
BRDA:7,1,0,1
BRDA:7,1,1,0
BRDA:8,2,0,1
BRDA:8,2,1,0
BRDA:9,3,0,1
BRDA:9,3,1,0
BRDA:10,4,0,1
BRDA:10,4,1,0
BRDA:11,5,0,1
BRDA:11,5,1,0
BRF:12
BRH:6
end_of_record
TN:
SF:src/llmHelper.ts
FN:11,ensureDateTime
FN:17,processUserInput
FN:81,(anonymous_3)
FN:98,confirmEvents
FN:101,(anonymous_5)
FN:129,promptUser
FN:135,(anonymous_7)
FN:136,(anonymous_8)
FN:143,colorizeText
FNF:9
FNH:9
FNDA:10,ensureDateTime
FNDA:2,processUserInput
FNDA:2,(anonymous_3)
FNDA:2,confirmEvents
FNDA:3,(anonymous_5)
FNDA:2,promptUser
FNDA:2,(anonymous_7)
FNDA:2,(anonymous_8)
FNDA:12,colorizeText
DA:3,1
DA:5,1
DA:6,1
DA:7,1
DA:9,1
DA:12,10
DA:17,1
DA:20,2
DA:21,2
DA:31,2
DA:33,2
DA:38,2
DA:41,2
DA:42,2
DA:43,2
DA:45,1
DA:46,1
DA:48,0
DA:51,1
DA:52,1
DA:53,1
DA:54,1
DA:55,0
DA:56,0
DA:58,1
DA:59,1
DA:62,1
DA:63,1
DA:68,0
DA:72,1
DA:75,1
DA:79,1
DA:81,2
DA:98,1
DA:99,2
DA:102,3
DA:106,2
DA:110,2
DA:116,2
DA:117,2
DA:119,2
DA:126,2
DA:130,2
DA:135,2
DA:136,2
DA:137,2
DA:138,2
DA:144,12
DA:150,12
LF:49
LH:45
BRDA:12,0,0,0
BRDA:12,0,1,10
BRDA:45,1,0,1
BRDA:45,1,1,0
BRDA:54,2,0,0
BRDA:54,2,1,1
BRDA:62,3,0,1
BRDA:62,3,1,0
BRDA:83,4,0,2
BRDA:83,4,1,0
BRDA:84,5,0,2
BRDA:84,5,1,0
BRDA:89,6,0,2
BRDA:89,6,1,0
BRDA:90,7,0,2
BRDA:90,7,1,0
BRDA:150,8,0,12
BRDA:150,8,1,0
BRF:18
BRH:9
end_of_record
TN:
SF:src/logger.ts
FN:6,(anonymous_0)
FNF:1
FNH:1
FNDA:13,(anonymous_0)
DA:1,1
DA:2,1
DA:4,1
DA:6,1
DA:7,13
DA:10,1
LF:6
LH:6
BRF:0
BRH:0
end_of_record
